<?xml version="1.0" encoding="UTF-8"?>
<testng-results skipped="0" failed="0" ignored="0" total="1" passed="1">
  <reporter-output>
  </reporter-output>
  <suite name="Default suite" duration-ms="40" started-at="2018-04-11T19:00:21Z" finished-at="2018-04-11T19:00:21Z">
    <groups>
    </groups>
    <test name="Default test" duration-ms="40" started-at="2018-04-11T19:00:21Z" finished-at="2018-04-11T19:00:21Z">
      <class name="StvPackage.FirstTest">
        <test-method status="PASS" signature="chillMethod()[pri:0, instance:StvPackage.FirstTest@51efea79]" name="chillMethod" duration-ms="14" started-at="2018-04-11T19:00:21Z" finished-at="2018-04-11T19:00:21Z">
          <reporter-output>
          </reporter-output>
        </test-method> <!-- chillMethod -->
      </class> <!-- StvPackage.FirstTest -->
    </test> <!-- Default test -->
  </suite> <!-- Default suite -->
</testng-results>
